<?xml version="1.0" encoding="UTF-8"?>
<testng-results skipped="0" failed="0" total="1" passed="1">
  <reporter-output>
  </reporter-output>
  <suite name="Default suite" duration-ms="62" started-at="2014-10-14T07:42:38Z" finished-at="2014-10-14T07:42:38Z">
    <groups>
    </groups>
    <test name="Default test" duration-ms="62" started-at="2014-10-14T07:42:38Z" finished-at="2014-10-14T07:42:38Z">
      <class name="savysource.selenium.tests.test">
        <test-method status="PASS" signature="f()[pri:0, instance:savysource.selenium.tests.test@6c977c1f]" name="f" duration-ms="15" started-at="2014-10-14T13:12:38Z" finished-at="2014-10-14T13:12:38Z">
          <reporter-output>
          </reporter-output>
        </test-method> <!-- f -->
      </class> <!-- savysource.selenium.tests.test -->
    </test> <!-- Default test -->
  </suite> <!-- Default suite -->
</testng-results>
